<?xml version="1.0" encoding="UTF-8" ?>
<testsuite tests="9" failures="1" name="com.CRM.qa.testcases.LoginPageTest" time="157.399" errors="0" skipped="8">
  <properties>
    <property name="java.vendor" value="Oracle Corporation"/>
    <property name="JOB_NAME" value="FreeCrM"/>
    <property name="sun.java.launcher" value="SUN_STANDARD"/>
    <property name="NUMBER_OF_PROCESSORS" value="4"/>
    <property name="sun.management.compiler" value="HotSpot 64-Bit Tiered Compilers"/>
    <property name="JENKINS_HOME" value="C:\Users\6199\.jenkins"/>
    <property name="FPS_BROWSER_USER_PROFILE_STRING" value="Default"/>
    <property name="HUDSON_SERVER_COOKIE" value="e8c9affedf48d7f0"/>
    <property name="os.name" value="Windows 10"/>
    <property name="sun.boot.class.path" value="C:\Program Files\Java\jdk1.8.0_162\jre\lib\resources.jar;C:\Program Files\Java\jdk1.8.0_162\jre\lib\rt.jar;C:\Program Files\Java\jdk1.8.0_162\jre\lib\sunrsasign.jar;C:\Program Files\Java\jdk1.8.0_162\jre\lib\jsse.jar;C:\Program Files\Java\jdk1.8.0_162\jre\lib\jce.jar;C:\Program Files\Java\jdk1.8.0_162\jre\lib\charsets.jar;C:\Program Files\Java\jdk1.8.0_162\jre\lib\jfr.jar;C:\Program Files\Java\jdk1.8.0_162\jre\classes"/>
    <property name="EXECUTOR_NUMBER" value="0"/>
    <property name="sun.desktop" value="windows"/>
    <property name="PATHEXT" value=".COM;.EXE;.BAT;.CMD;.VBS;.VBE;.JS;.JSE;.WSF;.WSH;.MSC"/>
    <property name="java.vm.specification.vendor" value="Oracle Corporation"/>
    <property name="NODE_LABELS" value="master"/>
    <property name="TEMP" value="C:\Users\6199\AppData\Local\Temp"/>
    <property name="java.runtime.version" value="1.8.0_162-b12"/>
    <property name="FPS_BROWSER_APP_PROFILE_STRING" value="Internet Explorer"/>
    <property name="user.name" value="6199"/>
    <property name="guice.disable.misplaced.annotation.check" value="true"/>
    <property name="CommonProgramW6432" value="C:\Program Files\Common Files"/>
    <property name="ProgramFiles" value="C:\Program Files"/>
    <property name="PROMPT" value="$P$G"/>
    <property name="user.language" value="en"/>
    <property name="JOB_BASE_NAME" value="FreeCrM"/>
    <property name="RUN_CHANGES_DISPLAY_URL" value="http://localhost:8080/job/FreeCrM/1/display/redirect?page=changes"/>
    <property name="BUILD_DISPLAY_NAME" value="#1"/>
    <property name="OneDrive" value="C:\Users\6199\OneDrive - SQS Group Limited"/>
    <property name="sun.boot.library.path" value="C:\Program Files\Java\jdk1.8.0_162\jre\bin"/>
    <property name="LOCALAPPDATA" value="C:\Users\6199\AppData\Local"/>
    <property name="java.version" value="1.8.0_162"/>
    <property name="PROCESSOR_LEVEL" value="6"/>
    <property name="user.timezone" value="America/New_York"/>
    <property name="USERNAME" value="6199"/>
    <property name="sun.arch.data.model" value="64"/>
    <property name="=S:" value="S:\"/>
    <property name="NODE_NAME" value="master"/>
    <property name="java.endorsed.dirs" value="C:\Program Files\Java\jdk1.8.0_162\jre\lib\endorsed"/>
    <property name="BUILD_ID" value="1"/>
    <property name="sun.cpu.isalist" value="amd64"/>
    <property name="sun.jnu.encoding" value="Cp1252"/>
    <property name="file.encoding.pkg" value="sun.io"/>
    <property name="file.separator" value="\"/>
    <property name="java.specification.name" value="Java Platform API Specification"/>
    <property name="HOMEDRIVE" value="C:"/>
    <property name="maven.conf" value="C:\Users\6199\.jenkins\tools\hudson.tasks.Maven_MavenInstallation\TestMaven\conf"/>
    <property name="java.class.version" value="52.0"/>
    <property name="=::" value="::\"/>
    <property name="org.slf4j.simpleLogger.defaultLogLevel" value="info"/>
    <property name="user.country" value="US"/>
    <property name="ALLUSERSPROFILE" value="C:\ProgramData"/>
    <property name="java.home" value="C:\Program Files\Java\jdk1.8.0_162\jre"/>
    <property name="java.vm.info" value="mixed mode"/>
    <property name="os.version" value="10.0"/>
    <property name="RUN_DISPLAY_URL" value="http://localhost:8080/job/FreeCrM/1/display/redirect"/>
    <property name="TMP" value="C:\Users\6199\AppData\Local\Temp"/>
    <property name="path.separator" value=";"/>
    <property name="java.vm.version" value="25.162-b12"/>
    <property name="user.variant" value=""/>
    <property name="JOB_DISPLAY_URL" value="http://localhost:8080/job/FreeCrM/display/redirect"/>
    <property name="CommonProgramFiles(x86)" value="C:\Program Files (x86)\Common Files"/>
    <property name="USERDOMAIN_ROAMINGPROFILE" value="SQS"/>
    <property name="java.awt.printerjob" value="sun.awt.windows.WPrinterJob"/>
    <property name="JAVA_HOME" value="C:\Program Files\Java\jdk1.8.0_162"/>
    <property name="sun.io.unicode.encoding" value="UnicodeLittle"/>
    <property name="CommonProgramFiles" value="C:\Program Files\Common Files"/>
    <property name="ComSpec" value="C:\WINDOWS\system32\cmd.exe"/>
    <property name="HOMEPATH" value="\Users\6199"/>
    <property name="awt.toolkit" value="sun.awt.windows.WToolkit"/>
    <property name="USERDNSDOMAIN" value="SQS.GROUP.INTL"/>
    <property name="user.script" value=""/>
    <property name="COMPUTERNAME" value="NPF12FHDH"/>
    <property name="snow_agent" value="C:\Program Files\Snow Software\Inventory\Agent"/>
    <property name="SAP_IPV6_ACTIVE" value="1"/>
    <property name="user.home" value="C:\Users\6199"/>
    <property name="PUBLIC" value="C:\Users\Public"/>
    <property name="BUILD_TAG" value="jenkins-FreeCrM-1"/>
    <property name="JENKINS_SERVER_COOKIE" value="e8c9affedf48d7f0"/>
    <property name="HUDSON_URL" value="http://localhost:8080/"/>
    <property name="ProgramData" value="C:\ProgramData"/>
    <property name="java.specification.vendor" value="Oracle Corporation"/>
    <property name="USERPROFILE" value="C:\Users\6199"/>
    <property name="CLASSPATH" value=""/>
    <property name="java.vendor.url" value="http://java.oracle.com/"/>
    <property name="java.library.path" value="C:\Program Files\Java\jdk1.8.0_162\bin;C:\WINDOWS\Sun\Java\bin;C:\WINDOWS\system32;C:\WINDOWS;C:\Users\6199\.jenkins\tools\hudson.tasks.Maven_MavenInstallation\TestMaven/bin;C:\Program Files\Docker\Docker\Resources\bin;C:\Program Files\Microsoft MPI\Bin\;C:\WINDOWS\system32;C:\WINDOWS;C:\WINDOWS\System32\Wbem;C:\WINDOWS\System32\WindowsPowerShell\v1.0\;C:\Program Files\Java\jdk1.8.0_162\bin;C:\Program Files (x86)\Microsoft SQL Server\140\Tools\Binn\;C:\Program Files\Microsoft SQL Server\140\Tools\Binn\;C:\Program Files (x86)\Microsoft SQL Server\140\DTS\Binn\;C:\Program Files\Microsoft SQL Server\140\DTS\Binn\;C:\Program Files\Microsoft SQL Server\Client SDK\ODBC\130\Tools\Binn\;C:\Program Files\TortoiseSVN\bin;C:\Program Files (x86)\Microsoft SQL Server\Client SDK\ODBC\130\Tools\Binn\;C:\Program Files (x86)\Microsoft SQL Server\140\Tools\Binn\ManagementStudio\;C:\Users\6199\AppData\Local\Microsoft\WindowsApps;C:\Program Files\Java\jdk1.8.0_162\bin;C:\Users\6199\Desktop\Java Project\apache-maven-3.5.3\bin;C:\Users\6199\AppData\Local\Programs\Git\cmd;."/>
    <property name="java.vm.vendor" value="Oracle Corporation"/>
    <property name="APPDATA" value="C:\Users\6199\AppData\Roaming"/>
    <property name="java.runtime.name" value="Java(TM) SE Runtime Environment"/>
    <property name="maven.home" value="C:\Users\6199\.jenkins\tools\hudson.tasks.Maven_MavenInstallation\TestMaven"/>
    <property name="java.class.path" value="C:\Users\6199\.jenkins\plugins\maven-plugin\WEB-INF\lib\maven35-agent-1.12-alpha-1.jar;C:\Users\6199\.jenkins\tools\hudson.tasks.Maven_MavenInstallation\TestMaven\boot\plexus-classworlds-2.5.2.jar;C:\Users\6199\.jenkins\tools\hudson.tasks.Maven_MavenInstallation\TestMaven/conf/logging"/>
    <property name="sun.java.command" value="jenkins.maven3.agent.Maven35Main C:\Users\6199\.jenkins\tools\hudson.tasks.Maven_MavenInstallation\TestMaven C:\Users\6199\.jenkins\war\WEB-INF\lib\remoting-3.20.jar C:\Users\6199\.jenkins\plugins\maven-plugin\WEB-INF\lib\maven35-interceptor-1.12-alpha-1.jar C:\Users\6199\.jenkins\plugins\maven-plugin\WEB-INF\lib\maven3-interceptor-commons-1.12-alpha-1.jar 63792"/>
    <property name="Path" value="C:\Program Files\Docker\Docker\Resources\bin;C:\Program Files\Microsoft MPI\Bin\;C:\WINDOWS\system32;C:\WINDOWS;C:\WINDOWS\System32\Wbem;C:\WINDOWS\System32\WindowsPowerShell\v1.0\;C:\Program Files\Java\jdk1.8.0_162\bin;C:\Program Files (x86)\Microsoft SQL Server\140\Tools\Binn\;C:\Program Files\Microsoft SQL Server\140\Tools\Binn\;C:\Program Files (x86)\Microsoft SQL Server\140\DTS\Binn\;C:\Program Files\Microsoft SQL Server\140\DTS\Binn\;C:\Program Files\Microsoft SQL Server\Client SDK\ODBC\130\Tools\Binn\;C:\Program Files\TortoiseSVN\bin;C:\Program Files (x86)\Microsoft SQL Server\Client SDK\ODBC\130\Tools\Binn\;C:\Program Files (x86)\Microsoft SQL Server\140\Tools\Binn\ManagementStudio\;C:\Users\6199\AppData\Local\Microsoft\WindowsApps;C:\Program Files\Java\jdk1.8.0_162\bin;C:\Users\6199\Desktop\Java Project\apache-maven-3.5.3\bin;C:\Users\6199\AppData\Local\Programs\Git\cmd"/>
    <property name="java.vm.specification.name" value="Java Virtual Machine Specification"/>
    <property name="PROCESSOR_ARCHITECTURE" value="AMD64"/>
    <property name="PROCESSOR_IDENTIFIER" value="Intel64 Family 6 Model 142 Stepping 9, GenuineIntel"/>
    <property name="SESSIONNAME" value="Console"/>
    <property name="java.vm.specification.version" value="1.8"/>
    <property name="sun.os.patch.level" value=""/>
    <property name="sun.cpu.endian" value="little"/>
    <property name="M2_HOME" value="C:\Users\6199\.jenkins\tools\hudson.tasks.Maven_MavenInstallation\TestMaven"/>
    <property name="=D:" value="D:\"/>
    <property name="java.io.tmpdir" value="C:\Users\6199\AppData\Local\Temp\"/>
    <property name="OS" value="Windows_NT"/>
    <property name="HUDSON_HOME" value="C:\Users\6199\.jenkins"/>
    <property name="PATH+MAVEN" value="C:\Users\6199\.jenkins\tools\hudson.tasks.Maven_MavenInstallation\TestMaven/bin"/>
    <property name="ProgramFiles(x86)" value="C:\Program Files (x86)"/>
    <property name="BUILD_URL" value="http://localhost:8080/job/FreeCrM/1/"/>
    <property name="java.vendor.url.bug" value="http://bugreport.sun.com/bugreport/"/>
    <property name="java.awt.graphicsenv" value="sun.awt.Win32GraphicsEnvironment"/>
    <property name="os.arch" value="amd64"/>
    <property name="SystemRoot" value="C:\WINDOWS"/>
    <property name="java.ext.dirs" value="C:\Program Files\Java\jdk1.8.0_162\jre\lib\ext;C:\WINDOWS\Sun\Java\lib\ext"/>
    <property name="user.dir" value="C:\Users\6199\Desktop\Java Project\CRMTest\FreeCRMTest"/>
    <property name="JOB_URL" value="http://localhost:8080/job/FreeCrM/"/>
    <property name="LOGONSERVER" value="\\SWDC032"/>
    <property name="USERDOMAIN" value="SQS"/>
    <property name="line.separator" value="
"/>
    <property name="MAVEN_HOME" value="C:\Users\6199\.jenkins\tools\hudson.tasks.Maven_MavenInstallation\TestMaven"/>
    <property name="java.vm.name" value="Java HotSpot(TM) 64-Bit Server VM"/>
    <property name="BUILD_NUMBER" value="1"/>
    <property name="JENKINS_URL" value="http://localhost:8080/"/>
    <property name="PROCESSOR_REVISION" value="8e09"/>
    <property name="UATDATA" value="C:\WINDOWS\CCM\UATData\D9F8C395-CAB8-491d-B8AC-179A1FE1BE77"/>
    <property name="ProgramW6432" value="C:\Program Files"/>
    <property name="windir" value="C:\WINDOWS"/>
    <property name="=C:" value="C:\Jenkins"/>
    <property name="file.encoding" value="Cp1252"/>
    <property name="SystemDrive" value="C:"/>
    <property name="maven3.interceptor" value="C:\Users\6199\.jenkins\plugins\maven-plugin\WEB-INF\lib\maven35-interceptor-1.12-alpha-1.jar"/>
    <property name="WORKSPACE" value="C:\Users\6199\.jenkins\workspace\FreeCrM"/>
    <property name="maven3.interceptor.common" value="C:\Users\6199\.jenkins\plugins\maven-plugin\WEB-INF\lib\maven3-interceptor-commons-1.12-alpha-1.jar"/>
    <property name="java.specification.version" value="1.8"/>
    <property name="PSModulePath" value="C:\Program Files\WindowsPowerShell\Modules;C:\WINDOWS\system32\WindowsPowerShell\v1.0\Modules;C:\Program Files (x86)\Microsoft SQL Server\140\Tools\PowerShell\Modules\"/>
    <property name="MSMPI_BIN" value="C:\Program Files\Microsoft MPI\Bin\"/>
  </properties>
  <testcase classname="com.CRM.qa.testcases.LoginPageTest" name="Setup" time="17.487">
    <failure type="java.lang.NullPointerException">java.lang.NullPointerException
	at com.CRM.base.TestBase.Initialization(TestBase.java:44)
	at com.CRM.qa.testcases.LoginPageTest.Setup(LoginPageTest.java:26)
</failure>
    <system-out>Configuring TestNG with: org.apache.maven.surefire.testng.conf.TestNG652Configurator@1ee0005
</system-out>
    <system-err>Starting ChromeDriver 2.38.552522 (437e6fbedfa8762dec75e2c5b3ddb86763dc9dcb) on port 24141
Only local connections are allowed.
May 05, 2018 6:38:46 PM org.openqa.selenium.remote.ProtocolHandshake createSession
INFO: Detected dialect: OSS
</system-err>
  </testcase>
  <testcase classname="com.CRM.qa.testcases.LoginPageTest" name="loginPageTitleTest" time="17.489">
    <skipped/>
  </testcase>
  <testcase classname="com.CRM.qa.testcases.LoginPageTest" name="tearDown" time="17.489">
    <skipped/>
  </testcase>
  <testcase classname="com.CRM.qa.testcases.LoginPageTest" name="Setup" time="17.489">
    <skipped/>
  </testcase>
  <testcase classname="com.CRM.qa.testcases.LoginPageTest" name="crmLogoImageTest" time="17.489">
    <skipped/>
  </testcase>
  <testcase classname="com.CRM.qa.testcases.LoginPageTest" name="tearDown" time="17.489">
    <skipped/>
  </testcase>
  <testcase classname="com.CRM.qa.testcases.LoginPageTest" name="Setup" time="17.489">
    <skipped/>
  </testcase>
  <testcase classname="com.CRM.qa.testcases.LoginPageTest" name="loginTest" time="17.489">
    <skipped/>
  </testcase>
  <testcase classname="com.CRM.qa.testcases.LoginPageTest" name="tearDown" time="17.489">
    <skipped/>
  </testcase>
</testsuite>